<?xml version="1.0" encoding="UTF-8"?>
<testsuite name="Prueba de servicios en bloque User" tests="1" skipped="0" failures="0" errors="0" timestamp="2022-03-05T20:56:59" hostname="SQABOG-TGP4774" time="6.191">
  <properties/>
  <testcase name="Creacion, consulta y eliminacion de User" classname="Prueba de servicios en bloque User" time="6.191"/>
  <system-out><![CDATA[{"code":200,"type":"unknown","message":"ok"}
{"id":1,"username":"EliV","firstName":"Eliana","lastName":"Valderrama","email":"eli@gmail.com","password":"abc123","phone":"1122334455","userStatus":1}
{"code":200,"type":"unknown","message":"EliV"}
{"code":1,"type":"error","message":"User not found"}
]]></system-out>
  <system-err><![CDATA[]]></system-err>
</testsuite>
